<?xml version="1.0" encoding="UTF-8"?>
<!-- Generated by org.testng.reporters.JUnitXMLReporter -->
<testsuite ignored="7" hostname="SS-2017-03-112" failures="0" tests="0" time="0.011" errors="0" timestamp="2022-11-15T18:41:03 IST">
  <testcase classname="practice.Assignment8" name="test8" time="0.0">
    <ignored/>
  </testcase> <!-- test8 -->
  <testcase classname="practice.Assignment5" name="test5" time="0.0">
    <ignored/>
  </testcase> <!-- test5 -->
  <testcase classname="practice.Assignment4" name="test4" time="0.0">
    <ignored/>
  </testcase> <!-- test4 -->
  <testcase classname="practice.Assignment2" name="test2" time="0.0">
    <ignored/>
  </testcase> <!-- test2 -->
  <testcase classname="practice.Assignment3" name="test3" time="0.0">
    <ignored/>
  </testcase> <!-- test3 -->
  <testcase classname="practice.Assignment6" name="test6" time="0.0">
    <ignored/>
  </testcase> <!-- test6 -->
  <testcase classname="practice.Assignment7" name="test7" time="0.0">
    <ignored/>
  </testcase> <!-- test7 -->
</testsuite>
