<?xml version="1.0" encoding="UTF-8"?>
<testng-results ignored="0" total="1" passed="1" failed="0" skipped="0">
  <reporter-output>
  </reporter-output>
  <suite started-at="2022-08-18T11:42:37 IST" name="Default suite" finished-at="2022-08-18T11:42:53 IST" duration-ms="15083">
    <groups>
    </groups>
    <test started-at="2022-08-18T11:42:37 IST" name="Default test" finished-at="2022-08-18T11:42:53 IST" duration-ms="15083">
      <class name="pkg_office.sign_in">
        <test-method is-config="true" signature="initialize()[pri:0, instance:pkg_office.sign_in@4562e04d]" started-at="2022-08-18T11:42:37 IST" name="initialize" finished-at="2022-08-18T11:42:40 IST" duration-ms="2768" status="PASS">
          <reporter-output>
          </reporter-output>
        </test-method> <!-- initialize -->
        <test-method signature="pageNavigation()[pri:0, instance:pkg_office.sign_in@4562e04d]" started-at="2022-08-18T11:42:40 IST" name="pageNavigation" finished-at="2022-08-18T11:42:52 IST" duration-ms="12162" status="PASS">
          <reporter-output>
          </reporter-output>
        </test-method> <!-- pageNavigation -->
        <test-method is-config="true" signature="close()[pri:0, instance:pkg_office.sign_in@4562e04d]" started-at="2022-08-18T11:42:52 IST" name="close" finished-at="2022-08-18T11:42:53 IST" duration-ms="119" status="PASS">
          <reporter-output>
          </reporter-output>
        </test-method> <!-- close -->
      </class> <!-- pkg_office.sign_in -->
    </test> <!-- Default test -->
  </suite> <!-- Default suite -->
</testng-results>
