<?xml version="1.0" encoding="UTF-8"?>
<testng-results ignored="0" total="1" passed="0" failed="1" skipped="0">
  <reporter-output>
  </reporter-output>
  <suite started-at="2022-09-20T10:22:18 IST" name="Suite" finished-at="2022-09-20T10:22:40 IST" duration-ms="22386">
    <groups>
    </groups>
    <test started-at="2022-09-20T10:22:18 IST" name="test" finished-at="2022-09-20T10:22:40 IST" duration-ms="22386">
      <class name="pkg_office.sign_in">
        <test-method is-config="true" signature="initialize()[pri:0, instance:pkg_office.sign_in@4f18837a]" started-at="2022-09-20T10:22:18 IST" name="initialize" finished-at="2022-09-20T10:22:20 IST" duration-ms="2322" status="PASS">
          <reporter-output>
          </reporter-output>
        </test-method> <!-- initialize -->
        <test-method signature="pageNavigation()[pri:0, instance:pkg_office.sign_in@4f18837a]" started-at="2022-09-20T10:22:20 IST" name="pageNavigation" finished-at="2022-09-20T10:22:40 IST" duration-ms="20028" status="FAIL">
          <exception class="org.openqa.selenium.ElementClickInterceptedException">
            <message>
              <![CDATA[element click intercepted: Element <img class="app-logo" style="width: 24px" src="/assets/erpnext/images/erpnext-logo.svg"> is not clickable at point (343, 30). Other element would receive the click: <div class="modal fade show" style="overflow: auto; z-index: 2000; display: block;" tabindex="-1" aria-modal="true">...</div>
  (Session info: chrome=105.0.5195.126)
Build info: version: '4.3.0', revision: 'a4995e2c09*'
System info: host: 'SS-2017-03-112', ip: '192.168.2.72', os.name: 'Windows 10', os.arch: 'amd64', os.version: '10.0', java.version: '14.0.2'
Driver info: org.openqa.selenium.chrome.ChromeDriver
Command: [6ccff09369088c4dde968a3ac4fb161e, clickElement {id=63868528-4e6e-4764-95e8-5caf3089cc70}]
Capabilities {acceptInsecureCerts: false, browserName: chrome, browserVersion: 105.0.5195.126, chrome: {chromedriverVersion: 105.0.5195.52 (412c95e51883..., userDataDir: C:\Users\SAYALI~1\AppData\L...}, goog:chromeOptions: {debuggerAddress: localhost:52579}, networkConnectionEnabled: false, pageLoadStrategy: normal, platformName: WINDOWS, proxy: Proxy(), se:cdp: ws://localhost:52579/devtoo..., se:cdpVersion: 105.0.5195.126, setWindowRect: true, strictFileInteractability: false, timeouts: {implicit: 0, pageLoad: 300000, script: 30000}, unhandledPromptBehavior: dismiss and notify, webauthn:extension:credBlob: true, webauthn:extension:largeBlob: true, webauthn:virtualAuthenticators: true}
Element: [[ChromeDriver: chrome on WINDOWS (6ccff09369088c4dde968a3ac4fb161e)] -> xpath: //img[@class='app-logo']]
Session ID: 6ccff09369088c4dde968a3ac4fb161e]]>
            </message>
            <full-stacktrace>
              <![CDATA[org.openqa.selenium.ElementClickInterceptedException: element click intercepted: Element <img class="app-logo" style="width: 24px" src="/assets/erpnext/images/erpnext-logo.svg"> is not clickable at point (343, 30). Other element would receive the click: <div class="modal fade show" style="overflow: auto; z-index: 2000; display: block;" tabindex="-1" aria-modal="true">...</div>
  (Session info: chrome=105.0.5195.126)
Build info: version: '4.3.0', revision: 'a4995e2c09*'
System info: host: 'SS-2017-03-112', ip: '192.168.2.72', os.name: 'Windows 10', os.arch: 'amd64', os.version: '10.0', java.version: '14.0.2'
Driver info: org.openqa.selenium.chrome.ChromeDriver
Command: [6ccff09369088c4dde968a3ac4fb161e, clickElement {id=63868528-4e6e-4764-95e8-5caf3089cc70}]
Capabilities {acceptInsecureCerts: false, browserName: chrome, browserVersion: 105.0.5195.126, chrome: {chromedriverVersion: 105.0.5195.52 (412c95e51883..., userDataDir: C:\Users\SAYALI~1\AppData\L...}, goog:chromeOptions: {debuggerAddress: localhost:52579}, networkConnectionEnabled: false, pageLoadStrategy: normal, platformName: WINDOWS, proxy: Proxy(), se:cdp: ws://localhost:52579/devtoo..., se:cdpVersion: 105.0.5195.126, setWindowRect: true, strictFileInteractability: false, timeouts: {implicit: 0, pageLoad: 300000, script: 30000}, unhandledPromptBehavior: dismiss and notify, webauthn:extension:credBlob: true, webauthn:extension:largeBlob: true, webauthn:virtualAuthenticators: true}
Element: [[ChromeDriver: chrome on WINDOWS (6ccff09369088c4dde968a3ac4fb161e)] -> xpath: //img[@class='app-logo']]
Session ID: 6ccff09369088c4dde968a3ac4fb161e
at java.base/jdk.internal.reflect.NativeConstructorAccessorImpl.newInstance0(Native Method)
at java.base/jdk.internal.reflect.NativeConstructorAccessorImpl.newInstance(NativeConstructorAccessorImpl.java:62)
at java.base/jdk.internal.reflect.DelegatingConstructorAccessorImpl.newInstance(DelegatingConstructorAccessorImpl.java:45)
at java.base/java.lang.reflect.Constructor.newInstanceWithCaller(Constructor.java:500)
at java.base/java.lang.reflect.Constructor.newInstance(Constructor.java:481)
at org.openqa.selenium.remote.codec.w3c.W3CHttpResponseCodec.createException(W3CHttpResponseCodec.java:200)
at org.openqa.selenium.remote.codec.w3c.W3CHttpResponseCodec.decode(W3CHttpResponseCodec.java:133)
at org.openqa.selenium.remote.codec.w3c.W3CHttpResponseCodec.decode(W3CHttpResponseCodec.java:53)
at org.openqa.selenium.remote.HttpCommandExecutor.execute(HttpCommandExecutor.java:184)
at org.openqa.selenium.remote.service.DriverCommandExecutor.invokeExecute(DriverCommandExecutor.java:167)
at org.openqa.selenium.remote.service.DriverCommandExecutor.execute(DriverCommandExecutor.java:142)
at org.openqa.selenium.remote.RemoteWebDriver.execute(RemoteWebDriver.java:569)
at org.openqa.selenium.remote.RemoteWebElement.execute(RemoteWebElement.java:257)
at org.openqa.selenium.remote.RemoteWebElement.click(RemoteWebElement.java:78)
at pkg_office.sign_in.pageNavigation(sign_in.java:53)
at java.base/jdk.internal.reflect.NativeMethodAccessorImpl.invoke0(Native Method)
at java.base/jdk.internal.reflect.NativeMethodAccessorImpl.invoke(NativeMethodAccessorImpl.java:62)
at java.base/jdk.internal.reflect.DelegatingMethodAccessorImpl.invoke(DelegatingMethodAccessorImpl.java:43)
at java.base/java.lang.reflect.Method.invoke(Method.java:564)
at org.testng.internal.MethodInvocationHelper.invokeMethod(MethodInvocationHelper.java:133)
at org.testng.internal.TestInvoker.invokeMethod(TestInvoker.java:598)
at org.testng.internal.TestInvoker.invokeTestMethod(TestInvoker.java:173)
at org.testng.internal.MethodRunner.runInSequence(MethodRunner.java:46)
at org.testng.internal.TestInvoker$MethodInvocationAgent.invoke(TestInvoker.java:824)
at org.testng.internal.TestInvoker.invokeTestMethods(TestInvoker.java:146)
at org.testng.internal.TestMethodWorker.invokeTestMethods(TestMethodWorker.java:146)
at org.testng.internal.TestMethodWorker.run(TestMethodWorker.java:128)
at java.base/java.util.ArrayList.forEach(ArrayList.java:1511)
at org.testng.TestRunner.privateRun(TestRunner.java:794)
at org.testng.TestRunner.run(TestRunner.java:596)
at org.testng.SuiteRunner.runTest(SuiteRunner.java:377)
at org.testng.SuiteRunner.runSequentially(SuiteRunner.java:371)
at org.testng.SuiteRunner.privateRun(SuiteRunner.java:332)
at org.testng.SuiteRunner.run(SuiteRunner.java:276)
at org.testng.SuiteRunnerWorker.runSuite(SuiteRunnerWorker.java:53)
at org.testng.SuiteRunnerWorker.run(SuiteRunnerWorker.java:96)
at org.testng.TestNG.runSuitesSequentially(TestNG.java:1212)
at org.testng.TestNG.runSuitesLocally(TestNG.java:1134)
at org.testng.TestNG.runSuites(TestNG.java:1063)
at org.testng.TestNG.run(TestNG.java:1031)
at org.testng.remote.AbstractRemoteTestNG.run(AbstractRemoteTestNG.java:115)
at org.testng.remote.RemoteTestNG.initAndRun(RemoteTestNG.java:251)
at org.testng.remote.RemoteTestNG.main(RemoteTestNG.java:77)
]]>
            </full-stacktrace>
          </exception> <!-- org.openqa.selenium.ElementClickInterceptedException -->
          <reporter-output>
          </reporter-output>
        </test-method> <!-- pageNavigation -->
      </class> <!-- pkg_office.sign_in -->
    </test> <!-- test -->
  </suite> <!-- Suite -->
</testng-results>
