<?xml version="1.0" encoding="UTF-8"?>
<testng-results ignored="0" total="4" passed="3" failed="1" skipped="0">
  <reporter-output>
  </reporter-output>
  <suite started-at="2022-08-17T10:25:04 IST" name="Suite" finished-at="2022-08-17T10:25:31 IST" duration-ms="26802">
    <groups>
    </groups>
    <test started-at="2022-08-17T10:25:04 IST" name="main testing" finished-at="2022-08-17T10:25:31 IST" duration-ms="26802">
      <class name="A_package.navigationBar">
        <test-method is-config="true" signature="initialize()[pri:0, instance:A_package.navigationBar@36bc55de]" started-at="2022-08-17T10:25:09 IST" name="initialize" finished-at="2022-08-17T10:25:14 IST" duration-ms="4851" status="PASS">
          <reporter-output>
          </reporter-output>
        </test-method> <!-- initialize -->
        <test-method signature="validationBar()[pri:0, instance:A_package.navigationBar@36bc55de]" started-at="2022-08-17T10:25:28 IST" name="validationBar" finished-at="2022-08-17T10:25:28 IST" duration-ms="108" status="PASS">
          <reporter-output>
          </reporter-output>
        </test-method> <!-- validationBar -->
        <test-method is-config="true" signature="close()[pri:0, instance:A_package.navigationBar@36bc55de]" started-at="2022-08-17T10:25:28 IST" name="close" finished-at="2022-08-17T10:25:31 IST" duration-ms="2685" status="PASS">
          <reporter-output>
          </reporter-output>
        </test-method> <!-- close -->
      </class> <!-- A_package.navigationBar -->
      <class name="A_package.HomePage">
        <test-method is-config="true" signature="initialize()[pri:0, instance:A_package.HomePage@2d7275fc]" started-at="2022-08-17T10:25:04 IST" name="initialize" finished-at="2022-08-17T10:25:09 IST" duration-ms="5048" status="PASS">
          <reporter-output>
          </reporter-output>
        </test-method> <!-- initialize -->
        <test-method signature="pageNavigation(java.lang.String,java.lang.String,java.lang.String)[pri:0, instance:A_package.HomePage@2d7275fc]" started-at="2022-08-17T10:25:20 IST" name="pageNavigation" data-provider="getData" finished-at="2022-08-17T10:25:25 IST" duration-ms="5018" status="PASS">
          <params>
            <param index="0">
              <value>
                <![CDATA[nonrestricteduser@qw.com]]>
              </value>
            </param>
            <param index="1">
              <value>
                <![CDATA[123456]]>
              </value>
            </param>
            <param index="2">
              <value>
                <![CDATA[nonrestricted user]]>
              </value>
            </param>
          </params>
          <reporter-output>
          </reporter-output>
        </test-method> <!-- pageNavigation -->
        <test-method signature="pageNavigation(java.lang.String,java.lang.String,java.lang.String)[pri:0, instance:A_package.HomePage@2d7275fc]" started-at="2022-08-17T10:25:25 IST" name="pageNavigation" data-provider="getData" finished-at="2022-08-17T10:25:28 IST" duration-ms="2488" status="PASS">
          <params>
            <param index="0">
              <value>
                <![CDATA[restricteduser@qw.com]]>
              </value>
            </param>
            <param index="1">
              <value>
                <![CDATA[456789]]>
              </value>
            </param>
            <param index="2">
              <value>
                <![CDATA[restricted user]]>
              </value>
            </param>
          </params>
          <reporter-output>
          </reporter-output>
        </test-method> <!-- pageNavigation -->
        <test-method is-config="true" signature="close()[pri:0, instance:A_package.HomePage@2d7275fc]" started-at="2022-08-17T10:25:28 IST" name="close" finished-at="2022-08-17T10:25:28 IST" duration-ms="296" status="PASS">
          <reporter-output>
          </reporter-output>
        </test-method> <!-- close -->
      </class> <!-- A_package.HomePage -->
      <class name="A_package.validateTitle">
        <test-method is-config="true" signature="initialize()[pri:0, instance:A_package.validateTitle@1189dd52]" started-at="2022-08-17T10:25:14 IST" name="initialize" finished-at="2022-08-17T10:25:20 IST" duration-ms="6047" status="PASS">
          <reporter-output>
          </reporter-output>
        </test-method> <!-- initialize -->
        <test-method signature="pageNavigation()[pri:0, instance:A_package.validateTitle@1189dd52]" started-at="2022-08-17T10:25:28 IST" name="pageNavigation" finished-at="2022-08-17T10:25:28 IST" duration-ms="42" status="FAIL">
          <exception class="java.lang.AssertionError">
            <message>
              <![CDATA[expected [FEATURED COURSES12] but found [FEATURED COURSES]]]>
            </message>
            <full-stacktrace>
              <![CDATA[java.lang.AssertionError: expected [FEATURED COURSES12] but found [FEATURED COURSES]
at org.testng.Assert.fail(Assert.java:99)
at org.testng.Assert.failNotEquals(Assert.java:1037)
at org.testng.Assert.assertEqualsImpl(Assert.java:140)
at org.testng.Assert.assertEquals(Assert.java:122)
at org.testng.Assert.assertEquals(Assert.java:629)
at org.testng.Assert.assertEquals(Assert.java:639)
at A_package.validateTitle.pageNavigation(validateTitle.java:28)
at java.base/jdk.internal.reflect.NativeMethodAccessorImpl.invoke0(Native Method)
at java.base/jdk.internal.reflect.NativeMethodAccessorImpl.invoke(NativeMethodAccessorImpl.java:62)
at java.base/jdk.internal.reflect.DelegatingMethodAccessorImpl.invoke(DelegatingMethodAccessorImpl.java:43)
at java.base/java.lang.reflect.Method.invoke(Method.java:564)
at org.testng.internal.MethodInvocationHelper.invokeMethod(MethodInvocationHelper.java:133)
at org.testng.internal.TestInvoker.invokeMethod(TestInvoker.java:598)
at org.testng.internal.TestInvoker.invokeTestMethod(TestInvoker.java:173)
at org.testng.internal.MethodRunner.runInSequence(MethodRunner.java:46)
at org.testng.internal.TestInvoker$MethodInvocationAgent.invoke(TestInvoker.java:824)
at org.testng.internal.TestInvoker.invokeTestMethods(TestInvoker.java:146)
at org.testng.internal.TestMethodWorker.invokeTestMethods(TestMethodWorker.java:146)
at org.testng.internal.TestMethodWorker.run(TestMethodWorker.java:128)
at java.base/java.util.ArrayList.forEach(ArrayList.java:1511)
at org.testng.TestRunner.privateRun(TestRunner.java:794)
at org.testng.TestRunner.run(TestRunner.java:596)
at org.testng.SuiteRunner.runTest(SuiteRunner.java:377)
at org.testng.SuiteRunner.access$000(SuiteRunner.java:28)
at org.testng.SuiteRunner$SuiteWorker.run(SuiteRunner.java:418)
at org.testng.internal.thread.ThreadUtil.lambda$execute$0(ThreadUtil.java:64)
at java.base/java.util.concurrent.FutureTask.run(FutureTask.java:264)
at java.base/java.util.concurrent.ThreadPoolExecutor.runWorker(ThreadPoolExecutor.java:1130)
at java.base/java.util.concurrent.ThreadPoolExecutor$Worker.run(ThreadPoolExecutor.java:630)
at java.base/java.lang.Thread.run(Thread.java:832)
]]>
            </full-stacktrace>
          </exception> <!-- java.lang.AssertionError -->
          <reporter-output>
          </reporter-output>
        </test-method> <!-- pageNavigation -->
        <test-method is-config="true" signature="close()[pri:0, instance:A_package.validateTitle@1189dd52]" started-at="2022-08-17T10:25:31 IST" name="close" finished-at="2022-08-17T10:25:31 IST" duration-ms="147" status="PASS">
          <reporter-output>
          </reporter-output>
        </test-method> <!-- close -->
      </class> <!-- A_package.validateTitle -->
    </test> <!-- main testing -->
  </suite> <!-- Suite -->
</testng-results>
