<?xml version="1.0" encoding="UTF-8"?>
<!-- Generated by org.testng.reporters.JUnitXMLReporter -->
<testsuite ignored="0" hostname="SS-2017-03-112" failures="1" tests="4" name="main testing" time="26.802" errors="0" timestamp="2022-08-17T10:25:31 IST">
  <testcase classname="A_package.HomePage" name="pageNavigation" time="5.018"/>
  <testcase classname="A_package.HomePage" name="pageNavigation" time="2.488"/>
  <testcase classname="A_package.validateTitle" name="pageNavigation" time="0.042">
    <failure type="java.lang.AssertionError" message="expected [FEATURED COURSES12] but found [FEATURED COURSES]">
      <![CDATA[java.lang.AssertionError: expected [FEATURED COURSES12] but found [FEATURED COURSES]
at A_package.validateTitle.pageNavigation(validateTitle.java:28)
at java.base/java.util.ArrayList.forEach(ArrayList.java:1511)
at java.base/java.util.concurrent.FutureTask.run(FutureTask.java:264)
at java.base/java.util.concurrent.ThreadPoolExecutor.runWorker(ThreadPoolExecutor.java:1130)
at java.base/java.util.concurrent.ThreadPoolExecutor$Worker.run(ThreadPoolExecutor.java:630)
at java.base/java.lang.Thread.run(Thread.java:832)
... Removed 24 stack frames]]>
    </failure>
  </testcase> <!-- pageNavigation -->
  <testcase classname="A_package.navigationBar" name="validationBar" time="0.108"/>
</testsuite> <!-- main testing -->
