<?xml version="1.0" encoding="UTF-8"?>
<!-- Generated by org.testng.reporters.JUnitXMLReporter -->
<testsuite ignored="0" hostname="SS-2017-03-112" failures="1" tests="1" name="demoScript" time="0.003" errors="0" timestamp="2022-08-10T10:57:08 IST">
  <testcase classname="pkg_office.sign_in" name="callMethod" time="0.0">
    <failure type="org.testng.TestNGException" message="
Cannot inject @Test annotated Method [callMethod] with [interface org.openqa.selenium.WebDriver].
For more information on native dependency injection please refer to https://testng.org/doc/documentation-main.html#native-dependency-injection">
      <![CDATA[org.testng.TestNGException: 
Cannot inject @Test annotated Method [callMethod] with [interface org.openqa.selenium.WebDriver].
For more information on native dependency injection please refer to https://testng.org/doc/documentation-main.html#native-dependency-injection
at java.base/java.util.ArrayList.forEach(ArrayList.java:1511)
... Removed 26 stack frames]]>
    </failure>
  </testcase> <!-- callMethod -->
</testsuite> <!-- demoScript -->
