<?xml version="1.0" encoding="UTF-8"?>
<!-- Generated by org.testng.reporters.JUnitXMLReporter -->
<testsuite ignored="0" hostname="SS-2017-03-112" failures="1" tests="1" name="office_demoScript" time="4.723" errors="0" timestamp="2022-08-17T12:42:09 IST">
  <testcase classname="pkg_office.sign_in" name="pageNavigation" time="0.0">
    <failure type="org.testng.TestNGException" message="
Cannot inject @Test annotated Method [pageNavigation] with [class java.lang.String, class java.lang.String].
For more information on native dependency injection please refer to https://testng.org/doc/documentation-main.html#native-dependency-injection">
      <![CDATA[org.testng.TestNGException: 
Cannot inject @Test annotated Method [pageNavigation] with [class java.lang.String, class java.lang.String].
For more information on native dependency injection please refer to https://testng.org/doc/documentation-main.html#native-dependency-injection
at java.base/java.util.ArrayList.forEach(ArrayList.java:1511)
... Removed 26 stack frames]]>
    </failure>
  </testcase> <!-- pageNavigation -->
</testsuite> <!-- office_demoScript -->
