<?xml version="1.0" encoding="UTF-8"?>
<!-- Generated by org.testng.reporters.JUnitXMLReporter -->
<testsuite ignored="0" hostname="SS-2017-03-112" failures="1" tests="1" name="test" time="22.386" errors="0" timestamp="2022-09-20T10:22:40 IST">
  <testcase classname="pkg_office.sign_in" name="pageNavigation" time="20.028">
    <failure type="org.openqa.selenium.ElementClickInterceptedException" message="element click intercepted: Element &amp;lt;img class=&amp;quot;app-logo&amp;quot; style=&amp;quot;width: 24px&amp;quot; src=&amp;quot;/assets/erpnext/images/erpnext-logo.svg&amp;quot;&amp;gt; is not clickable at point (343, 30). Other element would receive the click: &amp;lt;div class=&amp;quot;modal fade show&amp;quot; style=&amp;quot;overflow: auto; z-index: 2000; display: block;&amp;quot; tabindex=&amp;quot;-1&amp;quot; aria-modal=&amp;quot;true&amp;quot;&amp;gt;...&amp;lt;/div&amp;gt;
  (Session info: chrome=105.0.5195.126)
Build info: version: &amp;apos;4.3.0&amp;apos;, revision: &amp;apos;a4995e2c09*&amp;apos;
System info: host: &amp;apos;SS-2017-03-112&amp;apos;, ip: &amp;apos;192.168.2.72&amp;apos;, os.name: &amp;apos;Windows 10&amp;apos;, os.arch: &amp;apos;amd64&amp;apos;, os.version: &amp;apos;10.0&amp;apos;, java.version: &amp;apos;14.0.2&amp;apos;
Driver info: org.openqa.selenium.chrome.ChromeDriver
Command: [6ccff09369088c4dde968a3ac4fb161e, clickElement {id=63868528-4e6e-4764-95e8-5caf3089cc70}]
Capabilities {acceptInsecureCerts: false, browserName: chrome, browserVersion: 105.0.5195.126, chrome: {chromedriverVersion: 105.0.5195.52 (412c95e51883..., userDataDir: C:\Users\SAYALI~1\AppData\L...}, goog:chromeOptions: {debuggerAddress: localhost:52579}, networkConnectionEnabled: false, pageLoadStrategy: normal, platformName: WINDOWS, proxy: Proxy(), se:cdp: ws://localhost:52579/devtoo..., se:cdpVersion: 105.0.5195.126, setWindowRect: true, strictFileInteractability: false, timeouts: {implicit: 0, pageLoad: 300000, script: 30000}, unhandledPromptBehavior: dismiss and notify, webauthn:extension:credBlob: true, webauthn:extension:largeBlob: true, webauthn:virtualAuthenticators: true}
Element: [[ChromeDriver: chrome on WINDOWS (6ccff09369088c4dde968a3ac4fb161e)] -&amp;gt; xpath: //img[@class=&amp;apos;app-logo&amp;apos;]]
Session ID: 6ccff09369088c4dde968a3ac4fb161e">
      <![CDATA[org.openqa.selenium.ElementClickInterceptedException: element click intercepted: Element <img class="app-logo" style="width: 24px" src="/assets/erpnext/images/erpnext-logo.svg"> is not clickable at point (343, 30). Other element would receive the click: <div class="modal fade show" style="overflow: auto; z-index: 2000; display: block;" tabindex="-1" aria-modal="true">...</div>
  (Session info: chrome=105.0.5195.126)
Build info: version: '4.3.0', revision: 'a4995e2c09*'
System info: host: 'SS-2017-03-112', ip: '192.168.2.72', os.name: 'Windows 10', os.arch: 'amd64', os.version: '10.0', java.version: '14.0.2'
Driver info: org.openqa.selenium.chrome.ChromeDriver
Command: [6ccff09369088c4dde968a3ac4fb161e, clickElement {id=63868528-4e6e-4764-95e8-5caf3089cc70}]
Capabilities {acceptInsecureCerts: false, browserName: chrome, browserVersion: 105.0.5195.126, chrome: {chromedriverVersion: 105.0.5195.52 (412c95e51883..., userDataDir: C:\Users\SAYALI~1\AppData\L...}, goog:chromeOptions: {debuggerAddress: localhost:52579}, networkConnectionEnabled: false, pageLoadStrategy: normal, platformName: WINDOWS, proxy: Proxy(), se:cdp: ws://localhost:52579/devtoo..., se:cdpVersion: 105.0.5195.126, setWindowRect: true, strictFileInteractability: false, timeouts: {implicit: 0, pageLoad: 300000, script: 30000}, unhandledPromptBehavior: dismiss and notify, webauthn:extension:credBlob: true, webauthn:extension:largeBlob: true, webauthn:virtualAuthenticators: true}
Element: [[ChromeDriver: chrome on WINDOWS (6ccff09369088c4dde968a3ac4fb161e)] -> xpath: //img[@class='app-logo']]
Session ID: 6ccff09369088c4dde968a3ac4fb161e
at org.openqa.selenium.remote.codec.w3c.W3CHttpResponseCodec.createException(W3CHttpResponseCodec.java:200)
at org.openqa.selenium.remote.codec.w3c.W3CHttpResponseCodec.decode(W3CHttpResponseCodec.java:133)
at org.openqa.selenium.remote.codec.w3c.W3CHttpResponseCodec.decode(W3CHttpResponseCodec.java:53)
at org.openqa.selenium.remote.HttpCommandExecutor.execute(HttpCommandExecutor.java:184)
at org.openqa.selenium.remote.service.DriverCommandExecutor.invokeExecute(DriverCommandExecutor.java:167)
at org.openqa.selenium.remote.service.DriverCommandExecutor.execute(DriverCommandExecutor.java:142)
at org.openqa.selenium.remote.RemoteWebDriver.execute(RemoteWebDriver.java:569)
at org.openqa.selenium.remote.RemoteWebElement.execute(RemoteWebElement.java:257)
at org.openqa.selenium.remote.RemoteWebElement.click(RemoteWebElement.java:78)
at pkg_office.sign_in.pageNavigation(sign_in.java:53)
at java.base/java.util.ArrayList.forEach(ArrayList.java:1511)
... Removed 32 stack frames]]>
    </failure>
  </testcase> <!-- pageNavigation -->
</testsuite> <!-- test -->
