<?xml version="1.0" encoding="UTF-8"?>
<testng-results ignored="0" total="1" passed="1" failed="0" skipped="0">
  <reporter-output>
  </reporter-output>
  <suite started-at="2022-08-23T14:52:17 IST" name="Suite" finished-at="2022-08-23T14:52:27 IST" duration-ms="10477">
    <groups>
    </groups>
    <test started-at="2022-08-23T14:52:17 IST" name="Test" finished-at="2022-08-23T14:52:27 IST" duration-ms="10477">
      <class name="practice.Assignment1">
        <test-method signature="test1()[pri:0, instance:practice.Assignment1@41fbdac4]" started-at="2022-08-23T14:52:17 IST" name="test1" finished-at="2022-08-23T14:52:27 IST" duration-ms="10436" status="PASS">
          <reporter-output>
          </reporter-output>
        </test-method> <!-- test1 -->
      </class> <!-- practice.Assignment1 -->
    </test> <!-- Test -->
  </suite> <!-- Suite -->
</testng-results>
